[23:48:59.086] [INFO] Storybook Upgrade - v9.1.1
[23:48:59.098] [INFO] detect-projects-spinner-start: Detecting projects...
[23:48:59.099] [DEBUG] Finding Storybook projects...
[23:48:59.163] [DEBUG] Found 1 Storybook projects
[23:48:59.163] [INFO] detect-projects-spinner: Detecting projects: 1 projects
[23:48:59.163] [DEBUG] Getting Storybook data...
[23:48:59.163] [DEBUG] Getting Storybook info...
[23:48:59.163] [DEBUG] Loading main config...
[23:48:59.399] [DEBUG] Getting stories paths...
[23:48:59.407] [DEBUG] Getting package manager...
[23:48:59.738] [DEBUG] Getting Storybook version...
[23:48:59.739] [DEBUG] /packages/design-system/.storybook - Validating before version... 8.6.14
[23:48:59.739] [DEBUG] /packages/design-system/.storybook - Validating upgrade compatibility...
[23:48:59.739] [DEBUG] /packages/design-system/.storybook - Fetching NPM version information...
[23:48:59.739] [DEBUG] Getting CLI versions from NPM for storybook...
[23:48:59.740] [DEBUG] Getting CLI versions from NPM for storybook@next...
[23:49:00.240] [DEBUG] /packages/design-system/.storybook - Evaluating blockers...
[23:49:00.242] [DEBUG] Getting installed version for @storybook/experimental-addon-test...
[23:49:00.447] [INFO] detect-projects-spinner-stop: 1 project detected
[23:49:00.447] [DEBUG] Found 1 valid projects and 0 error projects
[23:49:00.447] [INFO] Upgrading from 8.6.14 to 9.1.1
[23:49:00.454] [INFO] upgrade-dependencies-task-start: Fetching versions to update package.json files..
[23:49:00.454] [DEBUG] Updating dependencies in /packages/design-system/.storybook...
[23:49:00.461] [INFO] upgrade-dependencies-task: /packages/design-system/package.json
/package.json
[23:49:00.462] [DEBUG] {
  "upgradedDependencies": []
}
[23:49:00.462] [DEBUG] {
  "upgradedDevDependencies": [
    "@storybook/addon-a11y@^9.1.1",
    "@storybook/addon-docs@^9.1.1",
    "@storybook/addon-links@^9.1.1",
    "@storybook/addon-onboarding@^9.1.1",
    "@storybook/react@^9.1.1",
    "@storybook/react-vite@^9.1.1",
    "storybook@^9.1.1"
  ]
}
[23:49:00.462] [DEBUG] {
  "upgradedPeerDependencies": []
}
[23:49:00.462] [DEBUG] Getting CLI versions from NPM for @storybook/addon-a11y...
[23:49:00.993] [DEBUG] Getting CLI versions from NPM for @storybook/addon-docs...
[23:49:01.536] [DEBUG] Getting CLI versions from NPM for @storybook/addon-links...
[23:49:02.763] [DEBUG] Getting CLI versions from NPM for @storybook/addon-onboarding...
[23:49:03.308] [DEBUG] Getting CLI versions from NPM for @storybook/react...
[23:49:03.873] [DEBUG] Getting CLI versions from NPM for @storybook/react-vite...
[23:49:04.403] [DEBUG] Using cached version for storybook...
[23:49:04.403] [DEBUG] {
  "upgradedDependencies": []
}
[23:49:04.403] [DEBUG] {
  "upgradedDevDependencies": [
    "@storybook/addon-links@^9.1.1",
    "@storybook/addon-onboarding@^9.1.1",
    "@storybook/react@^9.1.1",
    "@storybook/react-vite@^9.1.1",
    "storybook@^9.1.1"
  ]
}
[23:49:04.403] [DEBUG] {
  "upgradedPeerDependencies": []
}
[23:49:04.404] [DEBUG] Using cached version for @storybook/addon-links...
[23:49:04.404] [DEBUG] Using cached version for @storybook/addon-onboarding...
[23:49:04.404] [DEBUG] Using cached version for @storybook/react...
[23:49:04.404] [DEBUG] Using cached version for @storybook/react-vite...
[23:49:04.404] [DEBUG] Using cached version for storybook...
[23:49:04.404] [INFO] upgrade-dependencies-task-success: Updated package versions in package.json files
[23:49:04.404] [INFO] detect-automigrations-task-start: Detecting automigrations...
[23:49:04.404] [DEBUG] Starting automigration collection across 1 projects and 15 fixes...
[23:49:04.411] [INFO] detect-automigrations-task: Checking automigrations for /packages/design-system/.storybook...
[23:49:04.411] [DEBUG] Processing project: /packages/design-system/.storybook
[23:49:04.411] [DEBUG] Checking fix eslintPlugin for project /packages/design-system/.storybook...
[23:49:04.413] [DEBUG] Checking fix addon-mdx-gfm-remove for project /packages/design-system/.storybook...
[23:49:04.413] [DEBUG] Checking fix addon-storysource-code-panel for project /packages/design-system/.storybook...
[23:49:04.413] [DEBUG] Checking fix upgrade-storybook-related-dependencies for project /packages/design-system/.storybook...
[23:49:04.413] [DEBUG] Checking for incompatible storybook packages...
[23:49:04.415] [DEBUG] Getting installed version for @storybook/addon-actions...
[23:49:04.416] [DEBUG] Getting installed version for @storybook/addon-backgrounds...
[23:49:04.416] [DEBUG] Getting installed version for @storybook/addon-controls...
[23:49:04.416] [DEBUG] Getting installed version for @storybook/addon-essentials...
[23:49:04.416] [DEBUG] Getting installed version for @storybook/addon-interactions...
[23:49:04.417] [DEBUG] Getting installed version for @storybook/addon-measure...
[23:49:04.417] [DEBUG] Getting installed version for @storybook/addon-outline...
[23:49:04.417] [DEBUG] Getting installed version for @storybook/addon-toolbars...
[23:49:04.417] [DEBUG] Getting installed version for @storybook/addon-viewport...
[23:49:04.418] [DEBUG] Getting installed version for @storybook/blocks...
[23:49:04.418] [DEBUG] Getting installed version for @storybook/test...
[23:49:04.862] [DEBUG] Getting CLI versions from NPM for @storybook/addon-backgrounds...
[23:49:04.869] [DEBUG] Getting CLI versions from NPM for @storybook/addon-actions...
[23:49:04.874] [DEBUG] Getting CLI versions from NPM for @storybook/addon-outline...
[23:49:04.875] [DEBUG] Getting CLI versions from NPM for @storybook/addon-controls...
[23:49:04.893] [DEBUG] Getting CLI versions from NPM for @storybook/addon-viewport...
[23:49:04.896] [DEBUG] Getting CLI versions from NPM for @storybook/addon-toolbars...
[23:49:04.899] [DEBUG] Getting CLI versions from NPM for @storybook/addon-essentials...
[23:49:04.914] [DEBUG] Getting CLI versions from NPM for @storybook/blocks...
[23:49:04.916] [DEBUG] Getting CLI versions from NPM for @storybook/test...
[23:49:04.926] [DEBUG] Getting CLI versions from NPM for @storybook/addon-interactions...
[23:49:04.929] [DEBUG] Getting CLI versions from NPM for @storybook/addon-measure...
[23:49:06.811] [DEBUG] Checking fix initial-globals for project /packages/design-system/.storybook...
[23:49:06.825] [DEBUG] Checking fix addon-a11y-addon-test for project /packages/design-system/.storybook...
[23:49:06.825] [DEBUG] Checking fix consolidated-imports for project /packages/design-system/.storybook...
[23:49:06.825] [DEBUG] Checking fix addon-experimental-test for project /packages/design-system/.storybook...
[23:49:06.825] [DEBUG] Using cached installed version for @storybook/experimental-addon-test...
[23:49:06.825] [DEBUG] Checking fix rnstorybook-config for project /packages/design-system/.storybook...
[23:49:06.825] [DEBUG] Checking fix remove-addon-interactions for project /packages/design-system/.storybook...
[23:49:06.826] [DEBUG] Checking fix renderer-to-framework for project /packages/design-system/.storybook...
[23:49:06.826] [DEBUG] Checking fix remove-essential-addons for project /packages/design-system/.storybook...
[23:49:06.826] [DEBUG] Checking fix addon-a11y-parameters for project /packages/design-system/.storybook...
[23:49:06.826] [DEBUG] Checking fix remove-docs-autodocs for project /packages/design-system/.storybook...
[23:49:06.828] [DEBUG] Checking fix wrap-require for project /packages/design-system/.storybook...
[23:49:06.837] [INFO] detect-automigrations-task: 
Automigrations detected:
[23:49:06.844] [INFO] detect-automigrations-task: ✔ eslintPlugin
[23:49:06.849] [INFO] detect-automigrations-task: ✔ consolidated-imports
[23:49:06.855] [INFO] detect-automigrations-task: ✔ remove-addon-interactions
[23:49:06.861] [INFO] detect-automigrations-task: ✔ renderer-to-framework
[23:49:06.867] [INFO] detect-automigrations-task: ✔ remove-essential-addons
[23:49:06.873] [INFO] detect-automigrations-task: ✔ remove-docs-autodocs
[23:49:06.878] [INFO] detect-automigrations-task: ✔ wrap-require
[23:49:06.878] [INFO] detect-automigrations-task-success: 7 automigration(s) detected
[23:49:06.879] [INFO] Running all detected automigrations:
[23:49:06.884] [INFO]   - eslintPlugin (/packages/design-system/.storybook)
[23:49:06.890] [INFO]   - consolidated-imports (/packages/design-system/.storybook)
[23:49:06.897] [INFO]   - remove-addon-interactions (/packages/design-system/.storybook)
[23:49:06.904] [INFO]   - renderer-to-framework (/packages/design-system/.storybook)
[23:49:06.910] [INFO]   - remove-essential-addons (/packages/design-system/.storybook)
[23:49:06.917] [INFO]   - remove-docs-autodocs (/packages/design-system/.storybook)
[23:49:06.923] [INFO]   - wrap-require (/packages/design-system/.storybook)
[23:49:06.929] [INFO] automigrate-/packages/design-system/.storybook-task-start: Running automigrations for /packages/design-system/.storybook
[23:49:06.929] [DEBUG] Adding dependencies: eslint-plugin-storybook@9.1.1
[23:49:06.929] [DEBUG] Getting CLI versions from NPM for eslint-plugin-storybook...
[23:49:07.329] [DEBUG] Detected JSON config at /Volumes/Development/Xaheen Enterprise/xaheen/packages/design-system/.eslintrc.json
[23:49:07.338] [INFO] automigrate-/packages/design-system/.storybook-task: ✔ eslintPlugin
[23:49:07.348] [INFO] automigrate-/packages/design-system/.storybook-task: ✔ consolidated-imports
[23:49:07.350] [DEBUG] Uninstalling @storybook/addon-interactions
[23:49:07.350] [DEBUG] Removing '@storybook/addon-interactions' from main.js addons field.
[23:49:07.360] [INFO] automigrate-/packages/design-system/.storybook-task: ✔ remove-addon-interactions
[23:49:07.360] [DEBUG] 
Migrating @storybook/react to @storybook/react-vite
[23:49:07.361] [DEBUG] Updating package.json files...
[23:49:07.367] [INFO] automigrate-/packages/design-system/.storybook-task: ✔ renderer-to-framework
[23:49:07.369] [DEBUG] Uninstalling @storybook/addon-essentials
[23:49:07.369] [DEBUG] Removing '@storybook/addon-essentials' from main.js addons field.
[23:49:07.371] [DEBUG] Uninstalling @storybook/addon-actions
[23:49:07.372] [DEBUG] Uninstalling @storybook/addon-backgrounds
[23:49:07.373] [DEBUG] Uninstalling @storybook/addon-controls
[23:49:07.375] [DEBUG] Uninstalling @storybook/addon-measure
[23:49:07.376] [DEBUG] Uninstalling @storybook/addon-outline
[23:49:07.377] [DEBUG] Uninstalling @storybook/addon-toolbars
[23:49:07.378] [DEBUG] Uninstalling @storybook/addon-viewport
[23:49:07.379] [DEBUG] Getting Storybook info...
[23:49:07.379] [DEBUG] Loading main config...
[23:49:07.382] [DEBUG] Getting stories paths...
[23:49:07.382] [DEBUG] Getting package manager...
[23:49:07.408] [DEBUG] Getting Storybook version...
[23:49:07.417] [INFO] automigrate-/packages/design-system/.storybook-task: Verifying @storybook/addon-docs
[23:49:07.424] [INFO] automigrate-/packages/design-system/.storybook-task: Installing @storybook/addon-docs@^9.1.1
[23:49:07.425] [DEBUG] Using cached version for @storybook/addon-docs...
[23:49:07.431] [INFO] automigrate-/packages/design-system/.storybook-task: Adding '@storybook/addon-docs' to the "addons" field in
/Volumes/Development/Xaheen
Enterprise/xaheen/packages/design-system/.storybook/main.ts
[23:49:07.449] [INFO] automigrate-/packages/design-system/.storybook-task: ✔ remove-essential-addons
[23:49:07.456] [INFO] automigrate-/packages/design-system/.storybook-task: 🔄 Updating docs parameter in main config file...
[23:49:07.468] [INFO] automigrate-/packages/design-system/.storybook-task: ✔ remove-docs-autodocs
[23:49:07.477] [INFO] automigrate-/packages/design-system/.storybook-task: ✔ wrap-require
[23:49:07.477] [INFO] automigrate-/packages/design-system/.storybook-task-success: Completed automigrations for /packages/design-system/.storybook
[23:49:07.478] [INFO] Installing dependencies...
[23:49:07.478] [INFO] install-dependencies-task-start: Installing dependencies...
[23:49:07.699] [INFO] WARN  Moving @storybook/addon-docs that was installed by a different package manager to "node_modules/.ignored"
[23:49:07.707] [INFO] install-dependencies-task: WARN  Moving @storybook/addon-docs that was installed by a different
package manager to "node_modules/.ignored"
[23:49:07.708] [INFO] WARN  Moving @storybook/addon-a11y that was installed by a different package manager to "node_modules/.ignored"
 WARN  Moving @storybook/addon-links that was installed by a different package manager to "node_modules/.ignored"
 WARN  Moving @storybook/react-vite that was installed by a different package manager to "node_modules/.ignored"
 WARN  Moving @storybook/addon-onboarding that was installed by a different package manager to "node_modules/.ignored"
 WARN  Moving @testing-library/jest-dom that was installed by a different package manager to "node_modules/.ignored"
 WARN  Moving @testing-library/react that was installed by a different package manager to "node_modules/.ignored"
 WARN  Moving @testing-library/user-event that was installed by a different package manager to "node_modules/.ignored"
 WARN  Moving @types/react that was installed by a different package manager to "node_modules/.ignored"
 WARN  Moving @types/react-dom that was installed by a different package manager to "node_modules/.ignored"
 WARN  Moving @typescript-eslint/eslint-plugin that was installed by a different package manager to "node_modules/.ignored"
 WARN  Moving @typescript-eslint/parser that was installed by a different package manager to "node_modules/.ignored"
 WARN  Moving @vitejs/plugin-react that was installed by a different package manager to "node_modules/.ignored"
 WARN  Moving autoprefixer that was installed by a different package manager to "node_modules/.ignored"
 WARN  Moving eslint that was installed by a different package manager to "node_modules/.ignored"
 WARN  Moving eslint-plugin-jsx-a11y that was installed by a different package manager to "node_modules/.ignored"
 WARN  Moving eslint-plugin-react that was installed by a different package manager to "node_modules/.ignored"
 WARN  Moving eslint-plugin-react-hooks that was installed by a different package manager to "node_modules/.ignored"
 WARN  Moving jest-axe that was installed by a different package manager to "node_modules/.ignored"
 WARN  Moving postcss that was installed by a different package manager to "node_modules/.ignored"
 WARN  Moving storybook that was installed by a different package manager to "node_modules/.ignored"
 WARN  Moving tailwindcss that was installed by a different package manager to "node_modules/.ignored"
 WARN  Moving tsup that was installed by a different package manager to "node_modules/.ignored"
 WARN  Moving typescript that was installed by a different package manager to "node_modules/.ignored"
 WARN  Moving vite that was installed by a different package manager to "node_modules/.ignored"
 WARN  Moving vitest that was installed by a different package manager to "node_modules/.ignored"
 WARN  Moving @hookform/resolvers that was installed by a different package manager to "node_modules/.ignored"
 WARN  Moving @radix-ui/react-dialog that was installed by a different package manager to "node_modules/.ignored"
 WARN  Moving @radix-ui/react-dropdown-menu that was installed by a different package manager to "node_modules/.ignored"
 WARN  Moving @radix-ui/react-slot that was installed by a different package manager to "node_modules/.ignored"
 WARN  Moving @radix-ui/react-tooltip that was installed by a different package manager to "node_modules/.ignored"
 WARN  Moving class-variance-authority that was installed by a different package manager to "node_modules/.ignored"
 WARN  Moving clsx that was installed by a different package manager to "node_modules/.ignored"
 WARN  Moving lucide-react that was installed by a different package manager to "node_modules/.ignored"
 WARN  Moving react-hook-form that was installed by a different package manager to "node_modules/.ignored"
 WARN  Moving zod that was installed by a different package manager to "node_modules/.ignored"
[23:49:07.718] [INFO] install-dependencies-task: WARN  Moving @storybook/addon-a11y that was installed by a different
package manager to "node_modules/.ignored"
WARN  Moving @storybook/addon-links that was installed by a different
package manager to "node_modules/.ignored"
WARN  Moving @storybook/react-vite that was installed by a different
package manager to "node_modules/.ignored"
WARN  Moving @storybook/addon-onboarding that was installed by a
different package manager to "node_modules/.ignored"
WARN  Moving @testing-library/jest-dom that was installed by a
different package manager to "node_modules/.ignored"
WARN  Moving @testing-library/react that was installed by a different
package manager to "node_modules/.ignored"
WARN  Moving @testing-library/user-event that was installed by a
different package manager to "node_modules/.ignored"
WARN  Moving @types/react that was installed by a different package
manager to "node_modules/.ignored"
WARN  Moving @types/react-dom that was installed by a different
package manager to "node_modules/.ignored"
WARN  Moving @typescript-eslint/eslint-plugin that was installed by a
different package manager to "node_modules/.ignored"
WARN  Moving @typescript-eslint/parser that was installed by a
different package manager to "node_modules/.ignored"
WARN  Moving @vitejs/plugin-react that was installed by a different
package manager to "node_modules/.ignored"
WARN  Moving autoprefixer that was installed by a different package
manager to "node_modules/.ignored"
WARN  Moving eslint that was installed by a different package manager
to "node_modules/.ignored"
WARN  Moving eslint-plugin-jsx-a11y that was installed by a different
package manager to "node_modules/.ignored"
WARN  Moving eslint-plugin-react that was installed by a different
package manager to "node_modules/.ignored"
WARN  Moving eslint-plugin-react-hooks that was installed by a
different package manager to "node_modules/.ignored"
WARN  Moving jest-axe that was installed by a different package
manager to "node_modules/.ignored"
WARN  Moving postcss that was installed by a different package manager
to "node_modules/.ignored"
WARN  Moving storybook that was installed by a different package
manager to "node_modules/.ignored"
WARN  Moving tailwindcss that was installed by a different package
manager to "node_modules/.ignored"
WARN  Moving tsup that was installed by a different package manager to
"node_modules/.ignored"
WARN  Moving typescript that was installed by a different package
manager to "node_modules/.ignored"
WARN  Moving vite that was installed by a different package manager to
"node_modules/.ignored"
WARN  Moving vitest that was installed by a different package manager
to "node_modules/.ignored"
WARN  Moving @hookform/resolvers that was installed by a different
package manager to "node_modules/.ignored"
WARN  Moving @radix-ui/react-dialog that was installed by a different
package manager to "node_modules/.ignored"
WARN  Moving @radix-ui/react-dropdown-menu that was installed by a
different package manager to "node_modules/.ignored"
WARN  Moving @radix-ui/react-slot that was installed by a different
package manager to "node_modules/.ignored"
WARN  Moving @radix-ui/react-tooltip that was installed by a different
package manager to "node_modules/.ignored"
WARN  Moving class-variance-authority that was installed by a
different package manager to "node_modules/.ignored"
WARN  Moving clsx that was installed by a different package manager to
"node_modules/.ignored"
WARN  Moving lucide-react that was installed by a different package
manager to "node_modules/.ignored"
WARN  Moving react-hook-form that was installed by a different package
manager to "node_modules/.ignored"
WARN  Moving zod that was installed by a different package manager to
"node_modules/.ignored"
[23:49:07.746] [INFO] Progress: resolved 1, reused 0, downloaded 0, added 0
[23:49:07.760] [INFO] install-dependencies-task: Progress: resolved 1, reused 0, downloaded 0, added 0
[23:49:07.760] [INFO] WARN  deprecated eslint@8.57.1: This version is no longer supported. Please see https://eslint.org/version-support for other options.
[23:49:07.789] [INFO] install-dependencies-task: WARN  deprecated eslint@8.57.1: This version is no longer supported.
Please see https://eslint.org/version-support for other options.
[23:49:08.747] [INFO] Progress: resolved 653, reused 583, downloaded 1, added 0
[23:49:08.760] [INFO] install-dependencies-task: Progress: resolved 653, reused 583, downloaded 1, added 0
[23:49:09.750] [INFO] Progress: resolved 664, reused 591, downloaded 7, added 0
[23:49:09.759] [INFO] install-dependencies-task: Progress: resolved 664, reused 591, downloaded 7, added 0
[23:49:10.100] [INFO] WARN  6 deprecated subdependencies found: @humanwhocodes/config-array@0.13.0, @humanwhocodes/object-schema@2.0.3, glob@7.2.3, inflight@1.0.6, rimraf@3.0.2, source-map@0.8.0-beta.0
[23:49:10.108] [INFO] install-dependencies-task: WARN  6 deprecated subdependencies found:
@humanwhocodes/config-array@0.13.0,
@humanwhocodes/object-schema@2.0.3, glob@7.2.3, inflight@1.0.6,
rimraf@3.0.2, source-map@0.8.0-beta.0
[23:49:10.109] [INFO] Packages: +601
++++++++++++++++++++++++++++++++++++++++++++++++++++++++++++++++++++++++++++++++
[23:49:10.117] [INFO] install-dependencies-task: Packages: +601
++++++++++++++++++++++++++++++++++++++++++++++++++++++++++++++++++++++++++++++++
[23:49:10.753] [INFO] Progress: resolved 667, reused 594, downloaded 7, added 220
[23:49:10.766] [INFO] install-dependencies-task: Progress: resolved 667, reused 594, downloaded 7, added 220
[23:49:11.758] [INFO] Progress: resolved 667, reused 594, downloaded 7, added 484
[23:49:11.790] [INFO] install-dependencies-task: Progress: resolved 667, reused 594, downloaded 7, added 484
[23:49:12.596] [INFO] Progress: resolved 667, reused 594, downloaded 7, added 601, done
[23:49:12.606] [INFO] install-dependencies-task: Progress: resolved 667, reused 594, downloaded 7, added 601, done
[23:49:12.694] [INFO] .../esbuild@0.21.5/node_modules/esbuild postinstall$ node install.js
[23:49:12.705] [INFO] install-dependencies-task: .../esbuild@0.21.5/node_modules/esbuild postinstall$ node install.js
[23:49:12.944] [INFO] .../esbuild@0.21.5/node_modules/esbuild postinstall: Done
[23:49:12.952] [INFO] install-dependencies-task: .../esbuild@0.21.5/node_modules/esbuild postinstall: Done
[23:49:13.596] [INFO] dependencies:
+ @hookform/resolvers 3.10.0
+ @radix-ui/react-dialog 1.1.14
+ @radix-ui/react-dropdown-menu 2.1.15
+ @radix-ui/react-slot 1.2.3
+ @radix-ui/react-tooltip 1.2.7
+ class-variance-authority 0.7.1
+ clsx 2.1.1
+ lucide-react 0.294.0
+ react 19.1.1
+ react-dom 19.1.1
+ react-hook-form 7.62.0
+ zod 3.25.76

devDependencies:
+ @storybook/addon-a11y 9.1.1
+ @storybook/addon-docs 9.1.1
+ @storybook/addon-links 9.1.1
+ @storybook/addon-onboarding 9.1.1
+ @storybook/react-vite 9.1.1
+ @testing-library/jest-dom 6.6.4
+ @testing-library/react 14.3.1
+ @testing-library/user-event 14.6.1
+ @types/react 18.3.23
+ @types/react-dom 18.3.7
+ @typescript-eslint/eslint-plugin 6.21.0
+ @typescript-eslint/parser 6.21.0
+ @vitejs/plugin-react 4.7.0
+ autoprefixer 10.4.21
+ eslint 8.57.1 deprecated
+ eslint-plugin-jsx-a11y 6.10.2
+ eslint-plugin-react 7.37.5
+ eslint-plugin-react-hooks 4.6.2
+ eslint-plugin-storybook 9.1.1
+ jest-axe 8.0.0
+ postcss 8.5.6
+ storybook 9.1.1
+ tailwindcss 3.4.17
+ tsup 8.5.0
+ typescript 5.9.2
+ vite 5.4.19 (7.0.6 is available)
+ vitest 1.6.1
[23:49:13.605] [INFO] install-dependencies-task: dependencies:
+ @hookform/resolvers 3.10.0
+ @radix-ui/react-dialog 1.1.14
+ @radix-ui/react-dropdown-menu 2.1.15
+ @radix-ui/react-slot 1.2.3
+ @radix-ui/react-tooltip 1.2.7
+ class-variance-authority 0.7.1
+ clsx 2.1.1
+ lucide-react 0.294.0
+ react 19.1.1
+ react-dom 19.1.1
+ react-hook-form 7.62.0
+ zod 3.25.76

devDependencies:
+ @storybook/addon-a11y 9.1.1
+ @storybook/addon-docs 9.1.1
+ @storybook/addon-links 9.1.1
+ @storybook/addon-onboarding 9.1.1
+ @storybook/react-vite 9.1.1
+ @testing-library/jest-dom 6.6.4
+ @testing-library/react 14.3.1
+ @testing-library/user-event 14.6.1
+ @types/react 18.3.23
+ @types/react-dom 18.3.7
+ @typescript-eslint/eslint-plugin 6.21.0
+ @typescript-eslint/parser 6.21.0
+ @vitejs/plugin-react 4.7.0
+ autoprefixer 10.4.21
+ eslint 8.57.1 deprecated
+ eslint-plugin-jsx-a11y 6.10.2
+ eslint-plugin-react 7.37.5
+ eslint-plugin-react-hooks 4.6.2
+ eslint-plugin-storybook 9.1.1
+ jest-axe 8.0.0
+ postcss 8.5.6
+ storybook 9.1.1
+ tailwindcss 3.4.17
+ tsup 8.5.0
+ typescript 5.9.2
+ vite 5.4.19 (7.0.6 is available)
+ vitest 1.6.1
[23:49:13.605] [INFO] WARN  Issues with peer dependencies found
.
├─┬ @testing-library/react 14.3.1
│ ├── ✕ unmet peer react@^18.0.0: found 19.1.1
│ └── ✕ unmet peer react-dom@^18.0.0: found 19.1.1
└─┬ lucide-react 0.294.0
  └── ✕ unmet peer react@"^16.5.1 || ^17.0.0 || ^18.0.0": found 19.1.1

Done in 6.1s using pnpm v9.15.9
[23:49:13.613] [INFO] install-dependencies-task: WARN  Issues with peer dependencies found
.
├─┬ @testing-library/react 14.3.1
│ ├── ✕ unmet peer react@^18.0.0: found 19.1.1
│ └── ✕ unmet peer react-dom@^18.0.0: found 19.1.1
└─┬ lucide-react 0.294.0
└── ✕ unmet peer react@"^16.5.1 || ^17.0.0 || ^18.0.0": found 19.1.1

Done in 6.1s using pnpm v9.15.9
[23:49:13.630] [INFO] Dependencies installed
[23:49:13.630] [INFO] install-dependencies-task-success: Dependencies installed
[23:49:13.630] [WARN] Since you are in a monorepo, we advise you to deduplicate your dependencies. We can do this for you but it might take some time.
[23:49:13.638] [INFO] Deduplicating dependencies...
[23:49:13.638] [INFO] dedupe-dependencies-task-start: Deduplicating dependencies...
[23:49:14.028] [INFO] Progress: resolved 1, reused 0, downloaded 0, added 0
[23:49:14.036] [INFO] dedupe-dependencies-task: Progress: resolved 1, reused 0, downloaded 0, added 0
[23:49:14.139] [INFO] WARN  deprecated eslint@8.57.1: This version is no longer supported. Please see https://eslint.org/version-support for other options.
[23:49:14.149] [INFO] dedupe-dependencies-task: WARN  deprecated eslint@8.57.1: This version is no longer supported.
Please see https://eslint.org/version-support for other options.
[23:49:15.029] [INFO] Progress: resolved 79, reused 79, downloaded 0, added 0
[23:49:15.042] [INFO] dedupe-dependencies-task: Progress: resolved 79, reused 79, downloaded 0, added 0
[23:49:16.030] [INFO] Progress: resolved 304, reused 304, downloaded 0, added 0
[23:49:16.038] [INFO] dedupe-dependencies-task: Progress: resolved 304, reused 304, downloaded 0, added 0
[23:49:17.033] [INFO] Progress: resolved 593, reused 525, downloaded 0, added 0
[23:49:17.043] [INFO] dedupe-dependencies-task: Progress: resolved 593, reused 525, downloaded 0, added 0
[23:49:17.684] [INFO] WARN  6 deprecated subdependencies found: @humanwhocodes/config-array@0.13.0, @humanwhocodes/object-schema@2.0.3, glob@7.2.3, inflight@1.0.6, rimraf@3.0.2, source-map@0.8.0-beta.0
[23:49:17.701] [INFO] dedupe-dependencies-task: WARN  6 deprecated subdependencies found:
@humanwhocodes/config-array@0.13.0,
@humanwhocodes/object-schema@2.0.3, glob@7.2.3, inflight@1.0.6,
rimraf@3.0.2, source-map@0.8.0-beta.0
[23:49:17.701] [INFO] Already up to date
[23:49:17.714] [INFO] dedupe-dependencies-task: Already up to date
[23:49:17.730] [INFO] Progress: resolved 667, reused 601, downloaded 0, added 0, done
[23:49:17.746] [INFO] dedupe-dependencies-task: Progress: resolved 667, reused 601, downloaded 0, added 0, done
[23:49:18.001] [INFO] 
[23:49:18.013] [INFO] dedupe-dependencies-task: 
[23:49:18.014] [INFO] WARN  Issues with peer dependencies found
.
├─┬ @testing-library/react 14.3.1
│ ├── ✕ unmet peer react@^18.0.0: found 19.1.1
│ └── ✕ unmet peer react-dom@^18.0.0: found 19.1.1
└─┬ lucide-react 0.294.0
  └── ✕ unmet peer react@"^16.5.1 || ^17.0.0 || ^18.0.0": found 19.1.1
[23:49:18.023] [INFO] dedupe-dependencies-task: WARN  Issues with peer dependencies found
.
├─┬ @testing-library/react 14.3.1
│ ├── ✕ unmet peer react@^18.0.0: found 19.1.1
│ └── ✕ unmet peer react-dom@^18.0.0: found 19.1.1
└─┬ lucide-react 0.294.0
└── ✕ unmet peer react@"^16.5.1 || ^17.0.0 || ^18.0.0": found 19.1.1
[23:49:18.086] [INFO] Dependencies deduplicated
[23:49:18.086] [INFO] dedupe-dependencies-task-success: Dependencies deduplicated
[23:49:18.086] [INFO] Checking the health of your project(s)..
[23:49:18.465] [WARN] /packages/design-system/.storybook: 1 issue found
[23:49:18.477] [INFO] You are currently using Storybook 9.1.1 but you have packages which are incompatible with it:

- @storybook/addon-essentials@8.6.14 which depends on 8.6.14
 Repo: https://github.com/storybookjs/storybook/tree/next/code/addons/essentials
- @storybook/addon-interactions@8.6.14 which depends on 8.6.14
 Repo: https://github.com/storybookjs/storybook/tree/next/code/addons/interactions

Please consider updating your packages or contacting the maintainers for compatibility details.

For more on Storybook 9 compatibility, see the linked GitHub issue:
https://github.com/storybookjs/storybook/issues/30944
[23:49:18.477] [INFO] Incompatible Packages
[23:49:18.486] [INFO] You are currently using Storybook 9.1.1 but you have packages which are incompatible with it:

- @storybook/addon-essentials@8.6.14 which depends on 8.6.14
 Repo: https://github.com/storybookjs/storybook/tree/next/code/addons/essentials
- @storybook/addon-interactions@8.6.14 which depends on 8.6.14
 Repo: https://github.com/storybookjs/storybook/tree/next/code/addons/interactions

Please consider updating your packages or contacting the maintainers for compatibility details.

For more on Storybook 9 compatibility, see the linked GitHub issue:
https://github.com/storybookjs/storybook/issues/30944
[23:49:18.497] [INFO] Storybook doctor is complete!
[23:49:18.507] [INFO] You can always recheck the health of your project(s) by running:
npx storybook doctor
[23:49:18.517] [INFO] The upgrade is complete!
[23:49:18.526] [INFO] Your project(s) have been upgraded successfully, but some issues were found which need your attention, please check Storybook doctor logs above.
[23:49:18.614] [INFO] If you want to learn more about the automigrations that executed in your project(s), please check the following links:

• eslintPlugin
• consolidated-imports
• remove-addon-interactions
• renderer-to-framework
• remove-essential-addons
• remove-docs-autodocs
• wrap-require
[23:49:18.625] [INFO] For a full list of changes, please check our migration guide: https://storybook.js.org/docs/migration-guide
[23:49:18.638] [INFO] Attention: Storybook now collects completely anonymous telemetry regarding usage. This information is used to shape Storybook's roadmap and prioritize features.
[23:49:18.650] [INFO] You can learn more, including how to opt-out if you'd not like to participate in this anonymous program, by visiting the following URL:
[23:49:18.659] [INFO] https://storybook.js.org/telemetry
[23:49:18.668] [INFO] 